  HeapManager.c
c:\users\matthew\source\repos\originalheapster\originalheapster\heapmanager.c(33): warning C4477: 'printf' : format string '%d' requires an argument of type 'int', but variadic argument 1 has type 'Block *'
c:\users\matthew\source\repos\originalheapster\originalheapster\heapmanager.c(62): warning C4477: 'printf' : format string '%d' requires an argument of type 'int', but variadic argument 1 has type 'Block *'
c:\users\matthew\source\repos\originalheapster\originalheapster\heapmanager.c(78): warning C4477: 'printf' : format string '%d' requires an argument of type 'int', but variadic argument 1 has type 'Block *'
c:\users\matthew\source\repos\originalheapster\originalheapster\heapmanager.c(93): warning C4477: 'printf' : format string '%d' requires an argument of type 'int', but variadic argument 1 has type 'Block *'
c:\users\matthew\source\repos\originalheapster\originalheapster\heapmanager.c(103): warning C4477: 'printf' : format string '%d' requires an argument of type 'int', but variadic argument 1 has type 'int *'
c:\users\matthew\source\repos\originalheapster\originalheapster\heapmanager.c(106): warning C4477: 'printf' : format string '%d' requires an argument of type 'int', but variadic argument 1 has type 'int *'
c:\users\matthew\source\repos\originalheapster\originalheapster\heapmanager.c(113): warning C4477: 'printf' : format string '%d' requires an argument of type 'int', but variadic argument 1 has type 'int *'
c:\users\matthew\source\repos\originalheapster\originalheapster\heapmanager.c(114): warning C4477: 'printf' : format string '%d' requires an argument of type 'int', but variadic argument 1 has type 'int *'
c:\users\matthew\source\repos\originalheapster\originalheapster\heapmanager.c(122): warning C4477: 'printf' : format string '%d' requires an argument of type 'int', but variadic argument 1 has type 'int *'
c:\users\matthew\source\repos\originalheapster\originalheapster\heapmanager.c(123): warning C4477: 'printf' : format string '%d' requires an argument of type 'int', but variadic argument 1 has type 'int *'
c:\users\matthew\source\repos\originalheapster\originalheapster\heapmanager.c(124): warning C4477: 'printf' : format string '%d' requires an argument of type 'int', but variadic argument 1 has type 'int *'
c:\users\matthew\source\repos\originalheapster\originalheapster\heapmanager.c(128): warning C4477: 'printf' : format string '%d' requires an argument of type 'int', but variadic argument 1 has type 'double *'
c:\users\matthew\source\repos\originalheapster\originalheapster\heapmanager.c(130): warning C4477: 'printf' : format string '%d' requires an argument of type 'int', but variadic argument 1 has type 'int *'
c:\users\matthew\source\repos\originalheapster\originalheapster\heapmanager.c(138): warning C4477: 'printf' : format string '%d' requires an argument of type 'int', but variadic argument 1 has type 'char *'
c:\users\matthew\source\repos\originalheapster\originalheapster\heapmanager.c(139): warning C4477: 'printf' : format string '%d' requires an argument of type 'int', but variadic argument 1 has type 'int *'
c:\users\matthew\source\repos\originalheapster\originalheapster\heapmanager.c(146): warning C4477: 'printf' : format string '%d' requires an argument of type 'int', but variadic argument 1 has type 'int *'
c:\users\matthew\source\repos\originalheapster\originalheapster\heapmanager.c(147): warning C4477: 'printf' : format string '%d' requires an argument of type 'int', but variadic argument 1 has type 'int *'
c:\users\matthew\source\repos\originalheapster\originalheapster\heapmanager.c(149): warning C4477: 'printf' : format string '%d' requires an argument of type 'int', but variadic argument 1 has type 'int *'
  OriginalHeapster.vcxproj -> C:\Users\Matthew\source\repos\OriginalHeapster\Debug\OriginalHeapster.exe
